#
# There is insufficient memory for the Java Runtime Environment to continue.
# Native memory allocation (mmap) failed to map 134217728 bytes for Failed to commit area from 0x0000000081600000 to 0x0000000089600000 of length 134217728.
# Possible reasons:
#   The system is out of physical RAM or swap space
#   The process is running with CompressedOops enabled, and the Java Heap may be blocking the growth of the native heap
# Possible solutions:
#   Reduce memory load on the system
#   Increase physical memory or swap space
#   Check if swap backing store is full
#   Decrease Java heap size (-Xmx/-Xms)
#   Decrease number of Java threads
#   Decrease Java thread stack sizes (-Xss)
#   Set larger code cache with -XX:ReservedCodeCacheSize=
# This output file may be truncated or incomplete.
#
#  Out of Memory Error (os_windows.cpp:3391), pid=15520, tid=1948
#
# JRE version:  (11.0.31+11) (build )
# Java VM: OpenJDK 64-Bit Server VM (11.0.31+11, mixed mode, sharing, tiered, compressed oops, g1 gc, windows-amd64)
# No core dump will be written. Minidumps are not enabled by default on client versions of Windows
#

---------------  S U M M A R Y ------------

Command Line: 

Host: Intel(R) Core(TM) i5-4590S CPU @ 3.00GHz, 4 cores, 7G,  Windows 10 , 64 bit Build 19041 (10.0.19041.7181)
Time: Fri May  1 19:23:51 2026 India Standard Time elapsed time: 3.223167 seconds (0d 0h 0m 3s)

---------------  T H R E A D  ---------------

Current thread (0x00000267655b3000):  JavaThread "Unknown thread" [_thread_in_vm, id=1948, stack(0x000000fbc7c00000,0x000000fbc7d00000)]

Stack: [0x000000fbc7c00000,0x000000fbc7d00000]
Native frames: (J=compiled Java code, j=interpreted, Vv=VM code, C=native code)
V  [jvm.dll+0x644b4a]
V  [jvm.dll+0x7d6a59]
V  [jvm.dll+0x7d8139]
V  [jvm.dll+0x7d8833]
V  [jvm.dll+0x2691e5]
V  [jvm.dll+0x641d69]
V  [jvm.dll+0x636605]
V  [jvm.dll+0x32567d]
V  [jvm.dll+0x3254e2]
V  [jvm.dll+0x32a106]
V  [jvm.dll+0x371160]
V  [jvm.dll+0x370bd2]
V  [jvm.dll+0x3005a8]
V  [jvm.dll+0x3016a5]
V  [jvm.dll+0x7b0957]
V  [jvm.dll+0x7b20df]
V  [jvm.dll+0x37e459]
V  [jvm.dll+0x79257f]
V  [jvm.dll+0x3eed17]
V  [jvm.dll+0x3f1211]
C  [jli.dll+0x52c0]
C  [ucrtbase.dll+0x21bb2]
C  [KERNEL32.DLL+0x17374]
C  [ntdll.dll+0x4cc91]


---------------  P R O C E S S  ---------------

Threads class SMR info:
_java_thread_list=0x00000267633e2ba0, length=0, elements={
}

Java Threads: ( => current thread )

Other Threads:
  0x00000267655cb800 GCTaskThread "GC Thread#0" [stack: 0x000000fbc7d00000,0x000000fbc7e00000] [id=8280]
  0x00000267655fc800 ConcurrentGCThread "G1 Main Marker" [stack: 0x000000fbc7e00000,0x000000fbc7f00000] [id=8256]
  0x00000267655ff000 ConcurrentGCThread "G1 Conc#0" [stack: 0x000000fbc7f00000,0x000000fbc8000000] [id=16212]

[error occurred during error reporting (printing all threads), id 0xc0000005, EXCEPTION_ACCESS_VIOLATION (0xc0000005) at pc=0x00007ffb73311407]

VM state:not at safepoint (not fully initialized)

VM Mutex/Monitor currently owned by a thread:  ([mutex/lock_event])
[0x00000267655ae6e0] Heap_lock - owner thread: 0x00000267655b3000

Heap address: 0x0000000081600000, size: 2026 MB, Compressed Oops mode: Non-zero based: 0x0000000081600000
Narrow klass base: 0x0000000000000000, Narrow klass shift: 0

GC Heap History (0 events):
No events

Deoptimization events (0 events):
No events

Classes redefined (0 events):
No events

Internal exceptions (0 events):
No events

Events (1 events):
Event: 0.147 Loaded shared library C:\Program Files\Eclipse Adoptium\jdk-11.0.31.11-hotspot\bin\zip.dll


Dynamic libraries:
0x00007ff7cbf30000 - 0x00007ff7cbf3e000 	C:\Program Files\Eclipse Adoptium\jdk-11.0.31.11-hotspot\bin\java.exe
0x00007ffbeaf90000 - 0x00007ffbeb188000 	C:\Windows\SYSTEM32\ntdll.dll
0x00007ffbe9460000 - 0x00007ffbe9522000 	C:\Windows\System32\KERNEL32.DLL
0x00007ffbe8a50000 - 0x00007ffbe8d47000 	C:\Windows\System32\KERNELBASE.dll
0x00007ffbe86a0000 - 0x00007ffbe87a0000 	C:\Windows\System32\ucrtbase.dll
0x00007ffbcfbc0000 - 0x00007ffbcfbd7000 	C:\Program Files\Eclipse Adoptium\jdk-11.0.31.11-hotspot\bin\jli.dll
0x00007ffbea2a0000 - 0x00007ffbea43d000 	C:\Windows\System32\USER32.dll
0x00007ffbe8a20000 - 0x00007ffbe8a42000 	C:\Windows\System32\win32u.dll
0x00007ffbeabd0000 - 0x00007ffbeabfb000 	C:\Windows\System32\GDI32.dll
0x00007ffbe8880000 - 0x00007ffbe899a000 	C:\Windows\System32\gdi32full.dll
0x00007ffbe8600000 - 0x00007ffbe869d000 	C:\Windows\System32\msvcp_win.dll
0x00007ffbcfba0000 - 0x00007ffbcfbbe000 	C:\Program Files\Eclipse Adoptium\jdk-11.0.31.11-hotspot\bin\VCRUNTIME140.dll
0x00007ffbd8860000 - 0x00007ffbd8afb000 	C:\Windows\WinSxS\amd64_microsoft.windows.common-controls_6595b64144ccf1df_6.0.19041.6926_none_60b5a53971f8f7e6\COMCTL32.dll
0x00007ffbe9530000 - 0x00007ffbe95ce000 	C:\Windows\System32\msvcrt.dll
0x00007ffbeaba0000 - 0x00007ffbeabcf000 	C:\Windows\System32\IMM32.DLL
0x00007ffbe50c0000 - 0x00007ffbe50cc000 	C:\Program Files\Eclipse Adoptium\jdk-11.0.31.11-hotspot\bin\vcruntime140_1.dll
0x00007ffbc7ed0000 - 0x00007ffbc7f5d000 	C:\Program Files\Eclipse Adoptium\jdk-11.0.31.11-hotspot\bin\msvcp140.dll
0x00007ffb73000000 - 0x00007ffb73bc2000 	C:\Program Files\Eclipse Adoptium\jdk-11.0.31.11-hotspot\bin\server\jvm.dll
0x00007ffbea030000 - 0x00007ffbea0e1000 	C:\Windows\System32\ADVAPI32.dll
0x00007ffbea530000 - 0x00007ffbea5cf000 	C:\Windows\System32\sechost.dll
0x00007ffbea5d0000 - 0x00007ffbea6f6000 	C:\Windows\System32\RPCRT4.dll
0x00007ffbe8f60000 - 0x00007ffbe8f87000 	C:\Windows\System32\bcrypt.dll
0x00007ffbeab20000 - 0x00007ffbeab8b000 	C:\Windows\System32\WS2_32.dll
0x00007ffbeab90000 - 0x00007ffbeab98000 	C:\Windows\System32\PSAPI.DLL
0x00007ffbda070000 - 0x00007ffbda097000 	C:\Windows\SYSTEM32\WINMM.dll
0x00007ffbd8cd0000 - 0x00007ffbd8cda000 	C:\Windows\SYSTEM32\VERSION.dll
0x00007ffbe6e30000 - 0x00007ffbe6e42000 	C:\Windows\SYSTEM32\kernel.appcore.dll
0x00007ffbe1cd0000 - 0x00007ffbe1ce0000 	C:\Program Files\Eclipse Adoptium\jdk-11.0.31.11-hotspot\bin\verify.dll
0x00007ffbe6440000 - 0x00007ffbe6641000 	C:\Windows\SYSTEM32\DBGHELP.DLL
0x00007ffbd5bc0000 - 0x00007ffbd5bf4000 	C:\Windows\SYSTEM32\dbgcore.DLL
0x00007ffbe87a0000 - 0x00007ffbe8822000 	C:\Windows\System32\bcryptPrimitives.dll
0x00007ffbcf3d0000 - 0x00007ffbcf3f8000 	C:\Program Files\Eclipse Adoptium\jdk-11.0.31.11-hotspot\bin\java.dll
0x00007ffbe1c90000 - 0x00007ffbe1c9a000 	C:\Program Files\Eclipse Adoptium\jdk-11.0.31.11-hotspot\bin\jimage.dll
0x00007ffbcf130000 - 0x00007ffbcf148000 	C:\Program Files\Eclipse Adoptium\jdk-11.0.31.11-hotspot\bin\zip.dll

dbghelp: loaded successfully - version: 4.0.5 - missing functions: none
symbol engine: initialized successfully - sym options: 0x614 - pdb path: .;C:\Program Files\Eclipse Adoptium\jdk-11.0.31.11-hotspot\bin;C:\Windows\SYSTEM32;C:\Windows\WinSxS\amd64_microsoft.windows.common-controls_6595b64144ccf1df_6.0.19041.6926_none_60b5a53971f8f7e6;C:\Program Files\Eclipse Adoptium\jdk-11.0.31.11-hotspot\bin\server

VM Arguments:
java_command: <unknown>
java_class_path (initial): <not set>
Launcher Type: SUN_STANDARD

[Global flags]
     intx CICompilerCount                          = 3                                         {product} {ergonomic}
     uint ConcGCThreads                            = 1                                         {product} {ergonomic}
     uint G1ConcRefinementThreads                  = 4                                         {product} {ergonomic}
   size_t G1HeapRegionSize                         = 1048576                                   {product} {ergonomic}
    uintx GCDrainStackTargetSize                   = 64                                        {product} {ergonomic}
   size_t InitialHeapSize                          = 134217728                                 {product} {ergonomic}
   size_t MarkStackSize                            = 4194304                                   {product} {ergonomic}
   size_t MaxHeapSize                              = 2124414976                                {product} {ergonomic}
   size_t MinHeapDeltaBytes                        = 1048576                                   {product} {ergonomic}
    uintx NonNMethodCodeHeapSize                   = 5830732                                {pd product} {ergonomic}
    uintx NonProfiledCodeHeapSize                  = 122913754                              {pd product} {ergonomic}
    uintx ProfiledCodeHeapSize                     = 122913754                              {pd product} {ergonomic}
    uintx ReservedCodeCacheSize                    = 251658240                              {pd product} {ergonomic}
     bool SegmentedCodeCache                       = true                                      {product} {ergonomic}
     bool UseCompressedClassPointers               = true                                 {lp64_product} {ergonomic}
     bool UseCompressedOops                        = true                                 {lp64_product} {ergonomic}
     bool UseG1GC                                  = true                                      {product} {ergonomic}
     bool UseLargePagesIndividualAllocation        = false                                  {pd product} {ergonomic}

Logging:
Log output configuration:
 #0: stdout all=warning uptime,level,tags
 #1: stderr all=off uptime,level,tags

Environment Variables:
PATH=C:\Program Files\Eclipse Adoptium\jdk-11.0.31.11-hotspot\bin;C:\Python314\Scripts\;C:\Python314\;c:\Users\HP\AppData\Local\Programs\cursor\resources\app\bin;C:\Windows\system32;C:\Windows;C:\Windows\System32\Wbem;C:\Windows\System32\WindowsPowerShell\v1.0\;C:\Windows\System32\OpenSSH\;C:\Users\HP\AppData\Local\Microsoft\WindowsApps;c:\Users\HP\AppData\Local\Programs\cursor\resources\app\bin;C:\MinGW\bin;C:\Program Files\nodejs\;C:\ProgramData\chocolatey\bin;C:\Program Files\MySQL\MySQL Server 8.0\bin;C:\Program Files\Git\cmd;C:\Program Files\MySQL\MySQL Shell 8.0\bin\;C:\Users\HP\AppData\Local\Programs\Python\Python313\Scripts\;C:\Users\HP\AppData\Local\Programs\Python\Python313\;C:\Users\HP\AppData\Local\Microsoft\WindowsApps;C:\Users\HP\AppData\Local\Programs\Microsoft VS Code\bin;C:\Users\HP\AppData\Local\GitHubDesktop\bin;C:\Users\HP\AppData\Roaming\npm;C:\Users\HP\AppData\Local\Python\bin;C:\Users\HP\AppData\Local\Programs\Antigravity\bin;C:\Program Files\MongoDB\Server\7.0\bin;C:\Users\HP\AppData\Local\Programs\mongosh\
USERNAME=HP
LANG=en_US.UTF-8
OS=Windows_NT
PROCESSOR_IDENTIFIER=Intel64 Family 6 Model 60 Stepping 3, GenuineIntel
TMP=C:\Users\HP\AppData\Local\Temp
TEMP=C:\Users\HP\AppData\Local\Temp



---------------  S Y S T E M  ---------------

OS: Windows 10 , 64 bit Build 19041 (10.0.19041.7181)
OS uptime: 0 days 7:49 hours

CPU:total 4 (initial active 4) (4 cores per cpu, 1 threads per core) family 6 model 60 stepping 3 microcode 0x27, cmov, cx8, fxsr, mmx, sse, sse2, sse3, ssse3, sse4.1, sse4.2, popcnt, avx, avx2, aes, clmul, erms, lzcnt, tsc, tscinvbit, bmi1, bmi2, fma

Memory: 4k page, system-wide physical 8096M (281M free)
TotalPageFile size 21638M (AvailPageFile size 1M)
current process WorkingSet (physical memory assigned to process): 10M, peak: 10M
current process commit charge ("private bytes"): 51M, peak: 179M

vm_info: OpenJDK 64-Bit Server VM (11.0.31+11) for windows-amd64 JRE (11.0.31+11), built on Apr 28 2026 09:24:40 by "" with MS VC++ 17.7 (VS2022)

END.
